
2022-03-14 15:49:03,161 - INFO - send_request: 89 - Отправляем запрос {"a": 1, "b": 2} на адрес: https://yachtclubparus.ru/test/2/
2022-03-14 15:49:03,162 - INFO - send_request: 89 - Отправляем запрос {"a": 1, "b": 2} на адрес: https://yachtclubparus.ru/test/2/
2022-03-14 15:49:03,164 - INFO - send_request: 89 - Отправляем запрос a=1&b=2 на адрес: https://yachtclubparus.ru/test/
2022-03-14 15:49:03,166 - INFO - send_request: 89 - Отправляем запрос {"a": 1, "b": 2} на адрес: https://yachtclubparus.ru/test/
2022-03-14 15:49:03,536 - INFO - send_request: 105 - Запрос {"a": 1, "b": 2} на адрес: https://yachtclubparus.ru/test/2/ успешно выполнен.
2022-03-14 15:49:03,537 - INFO - send_request: 105 - Запрос a=1&b=2 на адрес: https://yachtclubparus.ru/test/ успешно выполнен.
2022-03-14 15:49:03,539 - INFO - send_request: 89 - Отправляем запрос {"a": 1, "b": 2} на адрес: https://yachtclubparus.ru/test/1/
2022-03-14 15:49:03,550 - INFO - send_request: 89 - Отправляем запрос a=1&b=2 на адрес: https://yachtclubparus.ru/test/2/
2022-03-14 15:49:04,543 - INFO - send_request: 99 - Увеличиваем время отправки запроса {"a": 1, "b": 2} на адрес https://yachtclubparus.ru/test/2/ до: 2 секунд
2022-03-14 15:49:04,543 - INFO - send_request: 99 - Увеличиваем время отправки запроса {"a": 1, "b": 2} на адрес https://yachtclubparus.ru/test/ до: 2 секунд
2022-03-14 15:49:04,822 - INFO - send_request: 99 - Увеличиваем время отправки запроса {"a": 1, "b": 2} на адрес https://yachtclubparus.ru/test/1/ до: 2 секунд
2022-03-14 15:49:04,838 - INFO - send_request: 99 - Увеличиваем время отправки запроса a=1&b=2 на адрес https://yachtclubparus.ru/test/2/ до: 2 секунд
2022-03-14 15:49:04,841 - INFO - send_request: 105 - Запрос {"a": 1, "b": 2} на адрес: https://yachtclubparus.ru/test/2/ успешно выполнен.
2022-03-14 15:49:04,844 - INFO - send_request: 105 - Запрос {"a": 1, "b": 2} на адрес: https://yachtclubparus.ru/test/ успешно выполнен.
2022-03-14 15:49:04,858 - INFO - send_request: 89 - Отправляем запрос {"a": 1, "b": 2} на адрес: https://yachtclubparus.ru/test/1/
2022-03-14 15:49:04,869 - INFO - send_request: 89 - Отправляем запрос {"a": 1, "b": 2} на адрес: https://yachtclubparus.ru/test/2/
2022-03-14 15:49:05,135 - INFO - send_request: 105 - Запрос {"a": 1, "b": 2} на адрес: https://yachtclubparus.ru/test/1/ успешно выполнен.
2022-03-14 15:49:05,135 - INFO - send_request: 105 - Запрос {"a": 1, "b": 2} на адрес: https://yachtclubparus.ru/test/2/ успешно выполнен.
2022-03-14 15:49:05,137 - INFO - send_request: 89 - Отправляем запрос a=1&b=2 на адрес: https://yachtclubparus.ru/test/
2022-03-14 15:49:05,143 - INFO - send_request: 89 - Отправляем запрос {"a": 1, "b": 2} на адрес: https://yachtclubparus.ru/test/2/
2022-03-14 15:49:05,353 - INFO - send_request: 105 - Запрос {"a": 1, "b": 2} на адрес: https://yachtclubparus.ru/test/2/ успешно выполнен.
2022-03-14 15:49:05,355 - INFO - send_request: 89 - Отправляем запрос {"a": 1, "b": 2} на адрес: https://yachtclubparus.ru/test/1/
2022-03-14 15:49:06,359 - INFO - send_request: 99 - Увеличиваем время отправки запроса a=1&b=2 на адрес https://yachtclubparus.ru/test/ до: 2 секунд
2022-03-14 15:49:06,624 - INFO - send_request: 99 - Увеличиваем время отправки запроса {"a": 1, "b": 2} на адрес https://yachtclubparus.ru/test/1/ до: 2 секунд
2022-03-14 15:49:06,865 - INFO - send_request: 105 - Запрос {"a": 1, "b": 2} на адрес: https://yachtclubparus.ru/test/1/ успешно выполнен.
2022-03-14 15:49:06,868 - INFO - send_request: 89 - Отправляем запрос {"a": 1, "b": 2} на адрес: https://yachtclubparus.ru/test/
2022-03-14 15:49:07,074 - INFO - send_request: 99 - Увеличиваем время отправки запроса {"a": 1, "b": 2} на адрес https://yachtclubparus.ru/test/1/ до: 4 секунд
2022-03-14 15:49:07,074 - INFO - send_request: 99 - Увеличиваем время отправки запроса a=1&b=2 на адрес https://yachtclubparus.ru/test/2/ до: 4 секунд
2022-03-14 15:49:07,100 - INFO - send_request: 105 - Запрос {"a": 1, "b": 2} на адрес: https://yachtclubparus.ru/test/ успешно выполнен.
2022-03-14 15:49:07,103 - INFO - send_request: 89 - Отправляем запрос {"a": 1, "b": 2} на адрес: https://yachtclubparus.ru/test/2/
2022-03-14 15:49:07,374 - INFO - send_request: 105 - Запрос {"a": 1, "b": 2} на адрес: https://yachtclubparus.ru/test/1/ успешно выполнен.
2022-03-14 15:49:07,381 - INFO - send_request: 105 - Запрос a=1&b=2 на адрес: https://yachtclubparus.ru/test/2/ успешно выполнен.
2022-03-14 15:49:07,387 - INFO - send_request: 89 - Отправляем запрос {"a": 1, "b": 2} на адрес: https://yachtclubparus.ru/test/
2022-03-14 15:49:07,397 - INFO - send_request: 89 - Отправляем запрос {"a": 1, "b": 2} на адрес: https://yachtclubparus.ru/test/
2022-03-14 15:49:08,328 - INFO - send_request: 99 - Увеличиваем время отправки запроса {"a": 1, "b": 2} на адрес https://yachtclubparus.ru/test/2/ до: 2 секунд
2022-03-14 15:49:08,591 - INFO - send_request: 99 - Увеличиваем время отправки запроса a=1&b=2 на адрес https://yachtclubparus.ru/test/ до: 4 секунд
2022-03-14 15:49:08,637 - INFO - send_request: 99 - Увеличиваем время отправки запроса {"a": 1, "b": 2} на адрес https://yachtclubparus.ru/test/ до: 2 секунд
2022-03-14 15:49:08,637 - INFO - send_request: 99 - Увеличиваем время отправки запроса {"a": 1, "b": 2} на адрес https://yachtclubparus.ru/test/ до: 2 секунд
2022-03-14 15:49:08,807 - INFO - send_request: 105 - Запрос a=1&b=2 на адрес: https://yachtclubparus.ru/test/ успешно выполнен.
2022-03-14 15:49:08,809 - INFO - send_request: 89 - Отправляем запрос a=1&b=2 на адрес: https://yachtclubparus.ru/test/1/
2022-03-14 15:49:08,876 - INFO - send_request: 105 - Запрос {"a": 1, "b": 2} на адрес: https://yachtclubparus.ru/test/ успешно выполнен.
2022-03-14 15:49:08,879 - INFO - send_request: 89 - Отправляем запрос {"a": 1, "b": 2} на адрес: https://yachtclubparus.ru/test/1/
2022-03-14 15:49:08,942 - INFO - send_request: 105 - Запрос {"a": 1, "b": 2} на адрес: https://yachtclubparus.ru/test/ успешно выполнен.
2022-03-14 15:49:08,944 - INFO - send_request: 89 - Отправляем запрос {"a": 1, "b": 2} на адрес: https://yachtclubparus.ru/test/1/
2022-03-14 15:49:09,097 - INFO - send_request: 105 - Запрос a=1&b=2 на адрес: https://yachtclubparus.ru/test/1/ успешно выполнен.
2022-03-14 15:49:09,099 - INFO - send_request: 89 - Отправляем запрос a=1&b=2 на адрес: https://yachtclubparus.ru/test/
2022-03-14 15:49:09,114 - INFO - send_request: 105 - Запрос {"a": 1, "b": 2} на адрес: https://yachtclubparus.ru/test/1/ успешно выполнен.
2022-03-14 15:49:09,119 - INFO - send_request: 89 - Отправляем запрос a=1&b=2 на адрес: https://yachtclubparus.ru/test/2/
2022-03-14 15:49:09,326 - INFO - send_request: 105 - Запрос a=1&b=2 на адрес: https://yachtclubparus.ru/test/ успешно выполнен.
2022-03-14 15:49:09,329 - INFO - send_request: 89 - Отправляем запрос a=1&b=2 на адрес: https://yachtclubparus.ru/test/2/
2022-03-14 15:49:09,553 - INFO - send_request: 105 - Запрос a=1&b=2 на адрес: https://yachtclubparus.ru/test/2/ успешно выполнен.
2022-03-14 15:49:09,556 - INFO - send_request: 89 - Отправляем запрос {"a": 1, "b": 2} на адрес: https://yachtclubparus.ru/test/2/
2022-03-14 15:49:10,168 - INFO - send_request: 99 - Увеличиваем время отправки запроса {"a": 1, "b": 2} на адрес https://yachtclubparus.ru/test/1/ до: 2 секунд
2022-03-14 15:49:10,355 - INFO - send_request: 99 - Увеличиваем время отправки запроса a=1&b=2 на адрес https://yachtclubparus.ru/test/2/ до: 2 секунд
2022-03-14 15:49:10,392 - INFO - send_request: 105 - Запрос {"a": 1, "b": 2} на адрес: https://yachtclubparus.ru/test/1/ успешно выполнен.
2022-03-14 15:49:10,395 - INFO - send_request: 89 - Отправляем запрос a=1&b=2 на адрес: https://yachtclubparus.ru/test/2/
2022-03-14 15:49:10,570 - INFO - send_request: 105 - Запрос a=1&b=2 на адрес: https://yachtclubparus.ru/test/2/ успешно выполнен.
2022-03-14 15:49:10,571 - INFO - send_request: 89 - Отправляем запрос a=1&b=2 на адрес: https://yachtclubparus.ru/test/1/
2022-03-14 15:49:10,606 - INFO - send_request: 105 - Запрос a=1&b=2 на адрес: https://yachtclubparus.ru/test/2/ успешно выполнен.
2022-03-14 15:49:10,607 - INFO - send_request: 89 - Отправляем запрос a=1&b=2 на адрес: https://yachtclubparus.ru/test/1/
2022-03-14 15:49:10,621 - INFO - send_request: 99 - Увеличиваем время отправки запроса {"a": 1, "b": 2} на адрес https://yachtclubparus.ru/test/2/ до: 4 секунд
2022-03-14 15:49:10,823 - INFO - send_request: 99 - Увеличиваем время отправки запроса {"a": 1, "b": 2} на адрес https://yachtclubparus.ru/test/2/ до: 2 секунд
2022-03-14 15:49:10,831 - INFO - send_request: 105 - Запрос a=1&b=2 на адрес: https://yachtclubparus.ru/test/1/ успешно выполнен.
2022-03-14 15:49:10,833 - INFO - send_request: 89 - Отправляем запрос a=1&b=2 на адрес: https://yachtclubparus.ru/test/
2022-03-14 15:49:11,805 - INFO - send_request: 99 - Увеличиваем время отправки запроса a=1&b=2 на адрес https://yachtclubparus.ru/test/1/ до: 2 секунд
2022-03-14 15:49:12,032 - INFO - send_request: 105 - Запрос a=1&b=2 на адрес: https://yachtclubparus.ru/test/1/ успешно выполнен.
2022-03-14 15:49:12,033 - INFO - send_request: 89 - Отправляем запрос {"a": 1, "b": 2} на адрес: https://yachtclubparus.ru/test/2/
2022-03-14 15:49:12,066 - INFO - send_request: 99 - Увеличиваем время отправки запроса a=1&b=2 на адрес https://yachtclubparus.ru/test/ до: 2 секунд
2022-03-14 15:49:12,276 - INFO - send_request: 105 - Запрос a=1&b=2 на адрес: https://yachtclubparus.ru/test/ успешно выполнен.
2022-03-14 15:49:12,279 - INFO - send_request: 89 - Отправляем запрос a=1&b=2 на адрес: https://yachtclubparus.ru/test/2/
2022-03-14 15:49:13,028 - INFO - send_request: 99 - Увеличиваем время отправки запроса {"a": 1, "b": 2} на адрес https://yachtclubparus.ru/test/2/ до: 4 секунд
2022-03-14 15:49:13,262 - INFO - send_request: 99 - Увеличиваем время отправки запроса {"a": 1, "b": 2} на адрес https://yachtclubparus.ru/test/2/ до: 2 секунд
2022-03-14 15:49:13,511 - INFO - send_request: 99 - Увеличиваем время отправки запроса a=1&b=2 на адрес https://yachtclubparus.ru/test/2/ до: 2 секунд
2022-03-14 15:49:13,734 - INFO - send_request: 105 - Запрос a=1&b=2 на адрес: https://yachtclubparus.ru/test/2/ успешно выполнен.
2022-03-14 15:49:13,737 - INFO - send_request: 89 - Отправляем запрос a=1&b=2 на адрес: https://yachtclubparus.ru/test/
2022-03-14 15:49:13,962 - INFO - send_request: 105 - Запрос a=1&b=2 на адрес: https://yachtclubparus.ru/test/ успешно выполнен.
2022-03-14 15:49:13,964 - INFO - send_request: 89 - Отправляем запрос a=1&b=2 на адрес: https://yachtclubparus.ru/test/2/
2022-03-14 15:53:13,264 - INFO - send_request: 89 - Отправляем запрос {"a": 1, "b": 2} на адрес: https://yachtclubparus.ru/test/2/
2022-03-14 15:53:13,267 - INFO - send_request: 89 - Отправляем запрос a=1&b=2 на адрес: https://yachtclubparus.ru/test/
2022-03-14 15:53:13,267 - INFO - send_request: 89 - Отправляем запрос {"a": 1, "b": 2} на адрес: https://yachtclubparus.ru/test/2/
2022-03-14 15:53:13,269 - INFO - send_request: 89 - Отправляем запрос {"a": 1, "b": 2} на адрес: https://yachtclubparus.ru/test/
2022-03-14 15:53:13,566 - INFO - send_request: 105 - Запрос a=1&b=2 на адрес: https://yachtclubparus.ru/test/ успешно выполнен.
2022-03-14 15:53:13,569 - INFO - send_request: 105 - Запрос {"a": 1, "b": 2} на адрес: https://yachtclubparus.ru/test/ успешно выполнен.
2022-03-14 15:53:13,570 - INFO - send_request: 89 - Отправляем запрос a=1&b=2 на адрес: https://yachtclubparus.ru/test/2/
2022-03-14 15:53:13,575 - INFO - send_request: 89 - Отправляем запрос {"a": 1, "b": 2} на адрес: https://yachtclubparus.ru/test/2/
2022-03-14 15:53:13,838 - INFO - send_request: 105 - Запрос a=1&b=2 на адрес: https://yachtclubparus.ru/test/2/ успешно выполнен.
2022-03-14 15:53:13,847 - INFO - send_request: 89 - Отправляем запрос a=1&b=2 на адрес: https://yachtclubparus.ru/test/
2022-03-14 15:53:13,853 - INFO - send_request: 105 - Запрос {"a": 1, "b": 2} на адрес: https://yachtclubparus.ru/test/2/ успешно выполнен.
2022-03-14 15:53:13,860 - INFO - send_request: 89 - Отправляем запрос {"a": 1, "b": 2} на адрес: https://yachtclubparus.ru/test/2/
2022-03-14 15:53:14,148 - INFO - send_request: 105 - Запрос a=1&b=2 на адрес: https://yachtclubparus.ru/test/ успешно выполнен.
2022-03-14 15:53:14,151 - INFO - send_request: 89 - Отправляем запрос a=1&b=2 на адрес: https://yachtclubparus.ru/test/1/
2022-03-14 15:53:14,565 - INFO - send_request: 99 - Увеличиваем время отправки запроса {"a": 1, "b": 2} на адрес https://yachtclubparus.ru/test/2/ до: 2 секунд
2022-03-14 15:53:14,598 - INFO - send_request: 99 - Увеличиваем время отправки запроса {"a": 1, "b": 2} на адрес https://yachtclubparus.ru/test/2/ до: 2 секунд
2022-03-14 15:53:14,808 - INFO - send_request: 105 - Запрос {"a": 1, "b": 2} на адрес: https://yachtclubparus.ru/test/2/ успешно выполнен.
2022-03-14 15:53:14,809 - INFO - send_request: 89 - Отправляем запрос {"a": 1, "b": 2} на адрес: https://yachtclubparus.ru/test/1/
2022-03-14 15:53:15,008 - INFO - send_request: 105 - Запрос {"a": 1, "b": 2} на адрес: https://yachtclubparus.ru/test/1/ успешно выполнен.
2022-03-14 15:53:15,010 - INFO - send_request: 89 - Отправляем запрос {"a": 1, "b": 2} на адрес: https://yachtclubparus.ru/test/
2022-03-14 15:53:15,102 - INFO - send_request: 99 - Увеличиваем время отправки запроса {"a": 1, "b": 2} на адрес https://yachtclubparus.ru/test/2/ до: 2 секунд
2022-03-14 15:53:15,288 - INFO - send_request: 105 - Запрос {"a": 1, "b": 2} на адрес: https://yachtclubparus.ru/test/ успешно выполнен.
2022-03-14 15:53:15,290 - INFO - send_request: 89 - Отправляем запрос {"a": 1, "b": 2} на адрес: https://yachtclubparus.ru/test/2/
2022-03-14 15:53:15,380 - INFO - send_request: 99 - Увеличиваем время отправки запроса a=1&b=2 на адрес https://yachtclubparus.ru/test/1/ до: 2 секунд
2022-03-14 15:53:15,586 - INFO - send_request: 105 - Запрос {"a": 1, "b": 2} на адрес: https://yachtclubparus.ru/test/2/ успешно выполнен.
2022-03-14 15:53:15,589 - INFO - send_request: 89 - Отправляем запрос {"a": 1, "b": 2} на адрес: https://yachtclubparus.ru/test/
2022-03-14 15:53:15,668 - INFO - send_request: 105 - Запрос a=1&b=2 на адрес: https://yachtclubparus.ru/test/1/ успешно выполнен.
2022-03-14 15:53:15,670 - INFO - send_request: 89 - Отправляем запрос {"a": 1, "b": 2} на адрес: https://yachtclubparus.ru/test/
2022-03-14 15:53:16,812 - INFO - send_request: 99 - Увеличиваем время отправки запроса {"a": 1, "b": 2} на адрес https://yachtclubparus.ru/test/2/ до: 4 секунд
2022-03-14 15:53:16,812 - INFO - send_request: 99 - Увеличиваем время отправки запроса {"a": 1, "b": 2} на адрес https://yachtclubparus.ru/test/ до: 2 секунд
2022-03-14 15:53:16,890 - INFO - send_request: 99 - Увеличиваем время отправки запроса {"a": 1, "b": 2} на адрес https://yachtclubparus.ru/test/ до: 2 секунд
2022-03-14 15:53:17,046 - INFO - send_request: 105 - Запрос {"a": 1, "b": 2} на адрес: https://yachtclubparus.ru/test/ успешно выполнен.
2022-03-14 15:53:17,048 - INFO - send_request: 89 - Отправляем запрос {"a": 1, "b": 2} на адрес: https://yachtclubparus.ru/test/1/
2022-03-14 15:53:17,327 - INFO - send_request: 105 - Запрос {"a": 1, "b": 2} на адрес: https://yachtclubparus.ru/test/1/ успешно выполнен.
2022-03-14 15:53:17,330 - INFO - send_request: 89 - Отправляем запрос a=1&b=2 на адрес: https://yachtclubparus.ru/test/
2022-03-14 15:53:17,372 - INFO - send_request: 99 - Увеличиваем время отправки запроса {"a": 1, "b": 2} на адрес https://yachtclubparus.ru/test/2/ до: 4 секунд
2022-03-14 15:53:17,561 - INFO - send_request: 105 - Запрос a=1&b=2 на адрес: https://yachtclubparus.ru/test/ успешно выполнен.
2022-03-14 15:53:17,563 - INFO - send_request: 89 - Отправляем запрос a=1&b=2 на адрес: https://yachtclubparus.ru/test/2/
2022-03-14 15:53:17,772 - INFO - send_request: 105 - Запрос a=1&b=2 на адрес: https://yachtclubparus.ru/test/2/ успешно выполнен.
2022-03-14 15:53:17,775 - INFO - send_request: 89 - Отправляем запрос a=1&b=2 на адрес: https://yachtclubparus.ru/test/2/
2022-03-14 15:53:19,020 - INFO - send_request: 99 - Увеличиваем время отправки запроса a=1&b=2 на адрес https://yachtclubparus.ru/test/2/ до: 2 секунд
2022-03-14 15:53:19,113 - INFO - send_request: 99 - Увеличиваем время отправки запроса {"a": 1, "b": 2} на адрес https://yachtclubparus.ru/test/ до: 4 секунд
2022-03-14 15:53:21,124 - INFO - send_request: 99 - Увеличиваем время отправки запроса {"a": 1, "b": 2} на адрес https://yachtclubparus.ru/test/2/ до: 8 секунд
2022-03-14 15:53:21,338 - INFO - send_request: 105 - Запрос {"a": 1, "b": 2} на адрес: https://yachtclubparus.ru/test/2/ успешно выполнен.
2022-03-14 15:53:21,340 - INFO - send_request: 89 - Отправляем запрос {"a": 1, "b": 2} на адрес: https://yachtclubparus.ru/test/1/
2022-03-14 15:53:21,449 - INFO - send_request: 99 - Увеличиваем время отправки запроса a=1&b=2 на адрес https://yachtclubparus.ru/test/2/ до: 4 секунд
2022-03-14 15:53:21,561 - INFO - send_request: 105 - Запрос {"a": 1, "b": 2} на адрес: https://yachtclubparus.ru/test/1/ успешно выполнен.
2022-03-14 15:53:21,564 - INFO - send_request: 89 - Отправляем запрос {"a": 1, "b": 2} на адрес: https://yachtclubparus.ru/test/2/
2022-03-14 15:53:21,604 - INFO - send_request: 99 - Увеличиваем время отправки запроса {"a": 1, "b": 2} на адрес https://yachtclubparus.ru/test/2/ до: 8 секунд
2022-03-14 15:53:21,672 - INFO - send_request: 105 - Запрос a=1&b=2 на адрес: https://yachtclubparus.ru/test/2/ успешно выполнен.
2022-03-14 15:53:21,674 - INFO - send_request: 89 - Отправляем запрос a=1&b=2 на адрес: https://yachtclubparus.ru/test/1/
2022-03-14 15:53:21,791 - INFO - send_request: 105 - Запрос {"a": 1, "b": 2} на адрес: https://yachtclubparus.ru/test/2/ успешно выполнен.
2022-03-14 15:53:21,793 - INFO - send_request: 89 - Отправляем запрос {"a": 1, "b": 2} на адрес: https://yachtclubparus.ru/test/1/
2022-03-14 15:53:21,823 - INFO - send_request: 105 - Запрос {"a": 1, "b": 2} на адрес: https://yachtclubparus.ru/test/2/ успешно выполнен.
2022-03-14 15:53:21,824 - INFO - send_request: 89 - Отправляем запрос {"a": 1, "b": 2} на адрес: https://yachtclubparus.ru/test/1/
2022-03-14 15:53:41,424 - INFO - send_request: 89 - Отправляем запрос {"a": 1, "b": 2} на адрес: https://yachtclubparus.ru/test/2/
2022-03-14 15:53:41,427 - INFO - send_request: 89 - Отправляем запрос a=1&b=2 на адрес: https://yachtclubparus.ru/test/
2022-03-14 15:53:41,427 - INFO - send_request: 89 - Отправляем запрос {"a": 1, "b": 2} на адрес: https://yachtclubparus.ru/test/2/
2022-03-14 15:53:41,429 - INFO - send_request: 89 - Отправляем запрос {"a": 1, "b": 2} на адрес: https://yachtclubparus.ru/test/
2022-03-14 15:53:41,682 - INFO - send_request: 105 - Запрос {"a": 1, "b": 2} на адрес: https://yachtclubparus.ru/test/2/ успешно выполнен.
2022-03-14 15:53:41,685 - INFO - send_request: 89 - Отправляем запрос {"a": 1, "b": 2} на адрес: https://yachtclubparus.ru/test/1/
2022-03-14 15:53:41,898 - INFO - send_request: 105 - Запрос {"a": 1, "b": 2} на адрес: https://yachtclubparus.ru/test/1/ успешно выполнен.
2022-03-14 15:53:41,901 - INFO - send_request: 89 - Отправляем запрос a=1&b=2 на адрес: https://yachtclubparus.ru/test/
2022-03-14 15:53:42,686 - INFO - send_request: 99 - Увеличиваем время отправки запроса a=1&b=2 на адрес https://yachtclubparus.ru/test/ до: 2 секунд
2022-03-14 15:53:42,686 - INFO - send_request: 99 - Увеличиваем время отправки запроса {"a": 1, "b": 2} на адрес https://yachtclubparus.ru/test/ до: 2 секунд
2022-03-14 15:53:42,732 - INFO - send_request: 99 - Увеличиваем время отправки запроса {"a": 1, "b": 2} на адрес https://yachtclubparus.ru/test/2/ до: 2 секунд
2022-03-14 15:53:42,923 - INFO - send_request: 105 - Запрос a=1&b=2 на адрес: https://yachtclubparus.ru/test/ успешно выполнен.
2022-03-14 15:53:42,926 - INFO - send_request: 89 - Отправляем запрос a=1&b=2 на адрес: https://yachtclubparus.ru/test/2/
2022-03-14 15:53:42,950 - INFO - send_request: 105 - Запрос {"a": 1, "b": 2} на адрес: https://yachtclubparus.ru/test/2/ успешно выполнен.
2022-03-14 15:53:42,952 - INFO - send_request: 89 - Отправляем запрос {"a": 1, "b": 2} на адрес: https://yachtclubparus.ru/test/1/
2022-03-14 15:53:43,138 - INFO - send_request: 99 - Увеличиваем время отправки запроса a=1&b=2 на адрес https://yachtclubparus.ru/test/ до: 2 секунд
2022-03-14 15:53:43,155 - INFO - send_request: 105 - Запрос a=1&b=2 на адрес: https://yachtclubparus.ru/test/2/ успешно выполнен.
2022-03-14 15:53:43,157 - INFO - send_request: 89 - Отправляем запрос {"a": 1, "b": 2} на адрес: https://yachtclubparus.ru/test/2/
2022-03-14 15:53:43,372 - INFO - send_request: 105 - Запрос a=1&b=2 на адрес: https://yachtclubparus.ru/test/ успешно выполнен.
2022-03-14 15:53:43,374 - INFO - send_request: 89 - Отправляем запрос a=1&b=2 на адрес: https://yachtclubparus.ru/test/1/
2022-03-14 15:53:43,662 - INFO - send_request: 105 - Запрос a=1&b=2 на адрес: https://yachtclubparus.ru/test/1/ успешно выполнен.
2022-03-14 15:53:43,663 - INFO - send_request: 89 - Отправляем запрос {"a": 1, "b": 2} на адрес: https://yachtclubparus.ru/test/
2022-03-14 15:53:43,872 - INFO - send_request: 105 - Запрос {"a": 1, "b": 2} на адрес: https://yachtclubparus.ru/test/ успешно выполнен.
2022-03-14 15:53:43,873 - INFO - send_request: 89 - Отправляем запрос {"a": 1, "b": 2} на адрес: https://yachtclubparus.ru/test/2/
2022-03-14 15:53:44,091 - INFO - send_request: 105 - Запрос {"a": 1, "b": 2} на адрес: https://yachtclubparus.ru/test/2/ успешно выполнен.
2022-03-14 15:53:44,095 - INFO - send_request: 89 - Отправляем запрос {"a": 1, "b": 2} на адрес: https://yachtclubparus.ru/test/
2022-03-14 15:53:44,179 - INFO - send_request: 99 - Увеличиваем время отправки запроса {"a": 1, "b": 2} на адрес https://yachtclubparus.ru/test/1/ до: 2 секунд
2022-03-14 15:53:44,396 - INFO - send_request: 99 - Увеличиваем время отправки запроса {"a": 1, "b": 2} на адрес https://yachtclubparus.ru/test/2/ до: 2 секунд
2022-03-14 15:53:44,925 - INFO - send_request: 99 - Увеличиваем время отправки запроса {"a": 1, "b": 2} на адрес https://yachtclubparus.ru/test/ до: 4 секунд
2022-03-14 15:53:45,345 - INFO - send_request: 99 - Увеличиваем время отправки запроса {"a": 1, "b": 2} на адрес https://yachtclubparus.ru/test/ до: 2 секунд
2022-03-14 15:53:46,406 - INFO - send_request: 99 - Увеличиваем время отправки запроса {"a": 1, "b": 2} на адрес https://yachtclubparus.ru/test/1/ до: 4 секунд
2022-03-14 15:53:46,621 - INFO - send_request: 99 - Увеличиваем время отправки запроса {"a": 1, "b": 2} на адрес https://yachtclubparus.ru/test/2/ до: 4 секунд
2022-03-14 15:53:47,568 - INFO - send_request: 99 - Увеличиваем время отправки запроса {"a": 1, "b": 2} на адрес https://yachtclubparus.ru/test/ до: 4 секунд
2022-03-14 15:53:47,762 - INFO - send_request: 105 - Запрос {"a": 1, "b": 2} на адрес: https://yachtclubparus.ru/test/ успешно выполнен.
2022-03-14 15:53:47,763 - INFO - send_request: 89 - Отправляем запрос {"a": 1, "b": 2} на адрес: https://yachtclubparus.ru/test/1/
2022-03-14 15:53:48,971 - INFO - send_request: 99 - Увеличиваем время отправки запроса {"a": 1, "b": 2} на адрес https://yachtclubparus.ru/test/1/ до: 2 секунд
2022-03-14 15:53:49,172 - INFO - send_request: 99 - Увеличиваем время отправки запроса {"a": 1, "b": 2} на адрес https://yachtclubparus.ru/test/ до: 8 секунд
2022-03-14 15:53:49,174 - INFO - send_request: 105 - Запрос {"a": 1, "b": 2} на адрес: https://yachtclubparus.ru/test/1/ успешно выполнен.
2022-03-14 15:53:49,180 - INFO - send_request: 89 - Отправляем запрос {"a": 1, "b": 2} на адрес: https://yachtclubparus.ru/test/
2022-03-14 15:53:49,381 - INFO - send_request: 105 - Запрос {"a": 1, "b": 2} на адрес: https://yachtclubparus.ru/test/ успешно выполнен.
2022-03-14 15:53:49,382 - INFO - send_request: 89 - Отправляем запрос {"a": 1, "b": 2} на адрес: https://yachtclubparus.ru/test/2/
2022-03-14 15:53:50,396 - INFO - send_request: 99 - Увеличиваем время отправки запроса {"a": 1, "b": 2} на адрес https://yachtclubparus.ru/test/ до: 2 секунд
2022-03-14 15:53:50,613 - INFO - send_request: 99 - Увеличиваем время отправки запроса {"a": 1, "b": 2} на адрес https://yachtclubparus.ru/test/1/ до: 8 секунд
2022-03-14 15:53:50,618 - INFO - send_request: 105 - Запрос {"a": 1, "b": 2} на адрес: https://yachtclubparus.ru/test/ успешно выполнен.
2022-03-14 15:53:50,629 - INFO - send_request: 89 - Отправляем запрос {"a": 1, "b": 2} на адрес: https://yachtclubparus.ru/test/1/
2022-03-14 15:53:50,660 - INFO - send_request: 99 - Увеличиваем время отправки запроса {"a": 1, "b": 2} на адрес https://yachtclubparus.ru/test/2/ до: 2 секунд
2022-03-14 15:53:50,818 - INFO - send_request: 99 - Увеличиваем время отправки запроса {"a": 1, "b": 2} на адрес https://yachtclubparus.ru/test/2/ до: 8 секунд
2022-03-14 15:53:50,850 - INFO - send_request: 105 - Запрос {"a": 1, "b": 2} на адрес: https://yachtclubparus.ru/test/1/ успешно выполнен.
2022-03-14 15:53:50,851 - INFO - send_request: 105 - Запрос {"a": 1, "b": 2} на адрес: https://yachtclubparus.ru/test/1/ успешно выполнен.
2022-03-14 15:53:50,853 - INFO - send_request: 89 - Отправляем запрос a=1&b=2 на адрес: https://yachtclubparus.ru/test/
2022-03-14 15:53:50,871 - INFO - send_request: 105 - Запрос {"a": 1, "b": 2} на адрес: https://yachtclubparus.ru/test/2/ успешно выполнен.
2022-03-14 15:53:50,873 - INFO - send_request: 89 - Отправляем запрос a=1&b=2 на адрес: https://yachtclubparus.ru/test/2/
2022-03-14 15:53:50,884 - INFO - send_request: 89 - Отправляем запрос {"a": 1, "b": 2} на адрес: https://yachtclubparus.ru/test/2/
2022-03-14 15:53:51,061 - INFO - send_request: 105 - Запрос a=1&b=2 на адрес: https://yachtclubparus.ru/test/ успешно выполнен.
2022-03-14 15:53:51,062 - INFO - send_request: 89 - Отправляем запрос a=1&b=2 на адрес: https://yachtclubparus.ru/test/2/
2022-03-14 15:53:51,104 - INFO - send_request: 105 - Запрос {"a": 1, "b": 2} на адрес: https://yachtclubparus.ru/test/2/ успешно выполнен.
2022-03-14 15:53:51,106 - INFO - send_request: 89 - Отправляем запрос {"a": 1, "b": 2} на адрес: https://yachtclubparus.ru/test/1/
2022-03-14 15:53:51,164 - INFO - send_request: 105 - Запрос {"a": 1, "b": 2} на адрес: https://yachtclubparus.ru/test/2/ успешно выполнен.
2022-03-14 15:53:51,166 - INFO - send_request: 89 - Отправляем запрос {"a": 1, "b": 2} на адрес: https://yachtclubparus.ru/test/1/
2022-03-14 15:53:51,311 - INFO - send_request: 105 - Запрос {"a": 1, "b": 2} на адрес: https://yachtclubparus.ru/test/1/ успешно выполнен.
2022-03-14 15:53:51,314 - INFO - send_request: 89 - Отправляем запрос a=1&b=2 на адрес: https://yachtclubparus.ru/test/2/
2022-03-14 15:53:51,541 - INFO - send_request: 105 - Запрос a=1&b=2 на адрес: https://yachtclubparus.ru/test/2/ успешно выполнен.
2022-03-14 15:53:51,542 - INFO - send_request: 89 - Отправляем запрос a=1&b=2 на адрес: https://yachtclubparus.ru/test/1/
2022-03-14 15:53:52,084 - INFO - send_request: 99 - Увеличиваем время отправки запроса a=1&b=2 на адрес https://yachtclubparus.ru/test/2/ до: 2 секунд
2022-03-14 15:53:52,256 - INFO - send_request: 99 - Увеличиваем время отправки запроса a=1&b=2 на адрес https://yachtclubparus.ru/test/2/ до: 2 секунд
2022-03-14 15:53:52,375 - INFO - send_request: 105 - Запрос a=1&b=2 на адрес: https://yachtclubparus.ru/test/2/ успешно выполнен.
2022-03-14 15:53:52,376 - INFO - send_request: 89 - Отправляем запрос a=1&b=2 на адрес: https://yachtclubparus.ru/test/1/
2022-03-14 15:53:52,395 - INFO - send_request: 99 - Увеличиваем время отправки запроса {"a": 1, "b": 2} на адрес https://yachtclubparus.ru/test/1/ до: 2 секунд
2022-03-14 15:53:52,476 - INFO - send_request: 105 - Запрос a=1&b=2 на адрес: https://yachtclubparus.ru/test/2/ успешно выполнен.
2022-03-14 15:53:52,478 - INFO - send_request: 89 - Отправляем запрос a=1&b=2 на адрес: https://yachtclubparus.ru/test/
2022-03-14 15:53:52,678 - INFO - send_request: 105 - Запрос a=1&b=2 на адрес: https://yachtclubparus.ru/test/ успешно выполнен.
2022-03-14 15:53:52,679 - INFO - send_request: 89 - Отправляем запрос a=1&b=2 на адрес: https://yachtclubparus.ru/test/2/
2022-03-14 15:53:52,751 - INFO - send_request: 99 - Увеличиваем время отправки запроса a=1&b=2 на адрес https://yachtclubparus.ru/test/1/ до: 2 секунд
2022-03-14 15:53:52,914 - INFO - send_request: 105 - Запрос a=1&b=2 на адрес: https://yachtclubparus.ru/test/2/ успешно выполнен.
2022-03-14 15:53:52,915 - INFO - send_request: 89 - Отправляем запрос {"a": 1, "b": 2} на адрес: https://yachtclubparus.ru/test/2/
2022-03-14 15:53:53,574 - INFO - send_request: 99 - Увеличиваем время отправки запроса a=1&b=2 на адрес https://yachtclubparus.ru/test/1/ до: 2 секунд
2022-03-14 15:53:53,800 - INFO - send_request: 105 - Запрос a=1&b=2 на адрес: https://yachtclubparus.ru/test/1/ успешно выполнен.
2022-03-14 15:53:53,804 - INFO - send_request: 89 - Отправляем запрос a=1&b=2 на адрес: https://yachtclubparus.ru/test/
2022-03-14 15:53:54,120 - INFO - send_request: 99 - Увеличиваем время отправки запроса {"a": 1, "b": 2} на адрес https://yachtclubparus.ru/test/2/ до: 2 секунд
2022-03-14 15:53:54,345 - INFO - send_request: 105 - Запрос {"a": 1, "b": 2} на адрес: https://yachtclubparus.ru/test/2/ успешно выполнен.
2022-03-14 15:53:54,348 - INFO - send_request: 89 - Отправляем запрос {"a": 1, "b": 2} на адрес: https://yachtclubparus.ru/test/1/
2022-03-14 15:53:54,572 - INFO - send_request: 105 - Запрос {"a": 1, "b": 2} на адрес: https://yachtclubparus.ru/test/1/ успешно выполнен.
2022-03-14 15:53:54,573 - INFO - send_request: 89 - Отправляем запрос {"a": 1, "b": 2} на адрес: https://yachtclubparus.ru/test/
2022-03-14 15:53:54,598 - INFO - send_request: 99 - Увеличиваем время отправки запроса {"a": 1, "b": 2} на адрес https://yachtclubparus.ru/test/1/ до: 4 секунд
2022-03-14 15:53:54,795 - INFO - send_request: 105 - Запрос {"a": 1, "b": 2} на адрес: https://yachtclubparus.ru/test/1/ успешно выполнен.
2022-03-14 15:53:54,797 - INFO - send_request: 89 - Отправляем запрос {"a": 1, "b": 2} на адрес: https://yachtclubparus.ru/test/
2022-03-14 15:53:54,983 - INFO - send_request: 99 - Увеличиваем время отправки запроса a=1&b=2 на адрес https://yachtclubparus.ru/test/1/ до: 4 секунд
2022-03-14 16:10:20,589 - INFO - send_request: 89 - Отправляем запрос {"a": 1, "b": 2} на адрес: https://yachtclubparus.ru/test/2/
2022-03-14 16:10:20,590 - INFO - send_request: 89 - Отправляем запрос {"a": 1, "b": 2} на адрес: https://yachtclubparus.ru/test/2/
2022-03-14 16:10:20,590 - INFO - send_request: 89 - Отправляем запрос a=1&b=2 на адрес: https://yachtclubparus.ru/test/
2022-03-14 16:10:20,593 - INFO - send_request: 89 - Отправляем запрос {"a": 1, "b": 2} на адрес: https://yachtclubparus.ru/test/
2022-03-14 16:10:20,965 - INFO - send_request: 106 - Запрос {"a": 1, "b": 2} на адрес: https://yachtclubparus.ru/test/ успешно выполнен.
2022-03-14 16:10:20,965 - INFO - send_request: 89 - Отправляем запрос {"a": 1, "b": 2} на адрес: https://yachtclubparus.ru/test/2/
2022-03-14 16:10:21,220 - INFO - send_request: 106 - Запрос {"a": 1, "b": 2} на адрес: https://yachtclubparus.ru/test/2/ успешно выполнен.
2022-03-14 16:10:21,221 - INFO - send_request: 89 - Отправляем запрос a=1&b=2 на адрес: https://yachtclubparus.ru/test/
2022-03-14 16:10:21,954 - INFO - send_request: 99 - Увеличиваем время отправки запроса {"a": 1, "b": 2} на адрес https://yachtclubparus.ru/test/2/ до: 2 секунд
2022-03-14 16:10:21,954 - INFO - send_request: 99 - Увеличиваем время отправки запроса a=1&b=2 на адрес https://yachtclubparus.ru/test/ до: 2 секунд
2022-03-14 16:10:21,985 - INFO - send_request: 99 - Увеличиваем время отправки запроса {"a": 1, "b": 2} на адрес https://yachtclubparus.ru/test/2/ до: 2 секунд
2022-03-14 16:10:22,231 - INFO - send_request: 106 - Запрос a=1&b=2 на адрес: https://yachtclubparus.ru/test/ успешно выполнен.
2022-03-14 16:10:22,231 - INFO - send_request: 89 - Отправляем запрос a=1&b=2 на адрес: https://yachtclubparus.ru/test/2/
2022-03-14 16:10:22,455 - INFO - send_request: 106 - Запрос a=1&b=2 на адрес: https://yachtclubparus.ru/test/2/ успешно выполнен.
2022-03-14 16:10:22,456 - INFO - send_request: 89 - Отправляем запрос {"a": 1, "b": 2} на адрес: https://yachtclubparus.ru/test/2/
2022-03-14 16:10:22,481 - INFO - send_request: 99 - Увеличиваем время отправки запроса a=1&b=2 на адрес https://yachtclubparus.ru/test/ до: 2 секунд
2022-03-14 16:10:22,698 - INFO - send_request: 106 - Запрос a=1&b=2 на адрес: https://yachtclubparus.ru/test/ успешно выполнен.
2022-03-14 16:10:22,698 - INFO - send_request: 89 - Отправляем запрос a=1&b=2 на адрес: https://yachtclubparus.ru/test/1/
2022-03-14 16:10:22,709 - INFO - send_request: 106 - Запрос {"a": 1, "b": 2} на адрес: https://yachtclubparus.ru/test/2/ успешно выполнен.
2022-03-14 16:10:22,710 - INFO - send_request: 89 - Отправляем запрос {"a": 1, "b": 2} на адрес: https://yachtclubparus.ru/test/1/
2022-03-14 16:10:23,002 - INFO - send_request: 106 - Запрос a=1&b=2 на адрес: https://yachtclubparus.ru/test/1/ успешно выполнен.
2022-03-14 16:10:23,002 - INFO - send_request: 89 - Отправляем запрос {"a": 1, "b": 2} на адрес: https://yachtclubparus.ru/test/
2022-03-14 16:10:23,010 - INFO - send_request: 106 - Запрос {"a": 1, "b": 2} на адрес: https://yachtclubparus.ru/test/1/ успешно выполнен.
2022-03-14 16:10:23,011 - INFO - send_request: 89 - Отправляем запрос {"a": 1, "b": 2} на адрес: https://yachtclubparus.ru/test/
2022-03-14 16:10:23,284 - INFO - send_request: 106 - Запрос {"a": 1, "b": 2} на адрес: https://yachtclubparus.ru/test/ успешно выполнен.
2022-03-14 16:10:23,285 - INFO - send_request: 89 - Отправляем запрос {"a": 1, "b": 2} на адрес: https://yachtclubparus.ru/test/2/
2022-03-14 16:10:23,517 - INFO - send_request: 106 - Запрос {"a": 1, "b": 2} на адрес: https://yachtclubparus.ru/test/2/ успешно выполнен.
2022-03-14 16:10:23,519 - INFO - send_request: 89 - Отправляем запрос {"a": 1, "b": 2} на адрес: https://yachtclubparus.ru/test/
2022-03-14 16:10:24,223 - INFO - send_request: 99 - Увеличиваем время отправки запроса {"a": 1, "b": 2} на адрес https://yachtclubparus.ru/test/2/ до: 4 секунд
2022-03-14 16:10:24,271 - INFO - send_request: 99 - Увеличиваем время отправки запроса {"a": 1, "b": 2} на адрес https://yachtclubparus.ru/test/2/ до: 4 секунд
2022-03-14 16:10:24,287 - INFO - send_request: 99 - Увеличиваем время отправки запроса {"a": 1, "b": 2} на адрес https://yachtclubparus.ru/test/ до: 2 секунд
2022-03-14 16:10:24,494 - INFO - send_request: 106 - Запрос {"a": 1, "b": 2} на адрес: https://yachtclubparus.ru/test/2/ успешно выполнен.
2022-03-14 16:10:24,495 - INFO - send_request: 89 - Отправляем запрос {"a": 1, "b": 2} на адрес: https://yachtclubparus.ru/test/1/
2022-03-14 16:10:24,519 - INFO - send_request: 106 - Запрос {"a": 1, "b": 2} на адрес: https://yachtclubparus.ru/test/ успешно выполнен.
2022-03-14 16:10:24,519 - INFO - send_request: 89 - Отправляем запрос {"a": 1, "b": 2} на адрес: https://yachtclubparus.ru/test/1/
2022-03-14 16:10:24,732 - INFO - send_request: 106 - Запрос {"a": 1, "b": 2} на адрес: https://yachtclubparus.ru/test/1/ успешно выполнен.
2022-03-14 16:10:24,732 - INFO - send_request: 89 - Отправляем запрос a=1&b=2 на адрес: https://yachtclubparus.ru/test/
2022-03-14 16:10:24,737 - INFO - send_request: 99 - Увеличиваем время отправки запроса {"a": 1, "b": 2} на адрес https://yachtclubparus.ru/test/ до: 2 секунд
2022-03-14 16:10:24,966 - INFO - send_request: 106 - Запрос a=1&b=2 на адрес: https://yachtclubparus.ru/test/ успешно выполнен.
2022-03-14 16:10:24,966 - INFO - send_request: 89 - Отправляем запрос a=1&b=2 на адрес: https://yachtclubparus.ru/test/2/
2022-03-14 16:10:25,037 - INFO - send_request: 106 - Запрос {"a": 1, "b": 2} на адрес: https://yachtclubparus.ru/test/ успешно выполнен.
2022-03-14 16:10:25,037 - INFO - send_request: 89 - Отправляем запрос {"a": 1, "b": 2} на адрес: https://yachtclubparus.ru/test/1/
2022-03-14 16:10:25,178 - INFO - send_request: 106 - Запрос a=1&b=2 на адрес: https://yachtclubparus.ru/test/2/ успешно выполнен.
2022-03-14 16:10:25,180 - INFO - send_request: 89 - Отправляем запрос a=1&b=2 на адрес: https://yachtclubparus.ru/test/2/
2022-03-14 16:10:25,263 - INFO - send_request: 106 - Запрос {"a": 1, "b": 2} на адрес: https://yachtclubparus.ru/test/1/ успешно выполнен.
2022-03-14 16:10:25,264 - INFO - send_request: 89 - Отправляем запрос {"a": 1, "b": 2} на адрес: https://yachtclubparus.ru/test/2/
2022-03-14 16:10:25,802 - INFO - send_request: 99 - Увеличиваем время отправки запроса {"a": 1, "b": 2} на адрес https://yachtclubparus.ru/test/1/ до: 2 секунд
2022-03-14 16:10:26,438 - INFO - send_request: 99 - Увеличиваем время отправки запроса a=1&b=2 на адрес https://yachtclubparus.ru/test/2/ до: 2 секунд
2022-03-14 16:10:26,500 - INFO - send_request: 99 - Увеличиваем время отправки запроса {"a": 1, "b": 2} на адрес https://yachtclubparus.ru/test/2/ до: 2 секунд
2022-03-14 16:10:26,651 - INFO - send_request: 106 - Запрос a=1&b=2 на адрес: https://yachtclubparus.ru/test/2/ успешно выполнен.
2022-03-14 16:10:26,652 - INFO - send_request: 89 - Отправляем запрос a=1&b=2 на адрес: https://yachtclubparus.ru/test/1/
2022-03-14 16:10:26,705 - INFO - send_request: 106 - Запрос {"a": 1, "b": 2} на адрес: https://yachtclubparus.ru/test/2/ успешно выполнен.
2022-03-14 16:10:26,706 - INFO - send_request: 89 - Отправляем запрос {"a": 1, "b": 2} на адрес: https://yachtclubparus.ru/test/1/
2022-03-14 16:10:27,871 - INFO - send_request: 99 - Увеличиваем время отправки запроса a=1&b=2 на адрес https://yachtclubparus.ru/test/1/ до: 2 секунд
2022-03-14 16:10:27,917 - INFO - send_request: 99 - Увеличиваем время отправки запроса {"a": 1, "b": 2} на адрес https://yachtclubparus.ru/test/1/ до: 2 секунд
2022-03-14 16:10:28,080 - INFO - send_request: 106 - Запрос a=1&b=2 на адрес: https://yachtclubparus.ru/test/1/ успешно выполнен.
2022-03-14 16:10:28,082 - INFO - send_request: 89 - Отправляем запрос a=1&b=2 на адрес: https://yachtclubparus.ru/test/2/
2022-03-14 16:10:28,102 - INFO - send_request: 99 - Увеличиваем время отправки запроса {"a": 1, "b": 2} на адрес https://yachtclubparus.ru/test/1/ до: 4 секунд
2022-03-14 16:10:28,257 - INFO - send_request: 106 - Запрос {"a": 1, "b": 2} на адрес: https://yachtclubparus.ru/test/1/ успешно выполнен.
2022-03-14 16:10:28,258 - INFO - send_request: 89 - Отправляем запрос a=1&b=2 на адрес: https://yachtclubparus.ru/test/
2022-03-14 16:10:28,301 - INFO - send_request: 106 - Запрос a=1&b=2 на адрес: https://yachtclubparus.ru/test/2/ успешно выполнен.
2022-03-14 16:10:28,302 - INFO - send_request: 89 - Отправляем запрос a=1&b=2 на адрес: https://yachtclubparus.ru/test/1/
2022-03-14 16:10:28,336 - INFO - send_request: 106 - Запрос {"a": 1, "b": 2} на адрес: https://yachtclubparus.ru/test/1/ успешно выполнен.
2022-03-14 16:10:28,336 - INFO - send_request: 89 - Отправляем запрос {"a": 1, "b": 2} на адрес: https://yachtclubparus.ru/test/2/
2022-03-14 16:10:28,523 - INFO - send_request: 99 - Увеличиваем время отправки запроса {"a": 1, "b": 2} на адрес https://yachtclubparus.ru/test/2/ до: 8 секунд
2022-03-14 16:10:29,484 - INFO - send_request: 99 - Увеличиваем время отправки запроса a=1&b=2 на адрес https://yachtclubparus.ru/test/ до: 2 секунд
2022-03-14 16:10:29,516 - INFO - send_request: 99 - Увеличиваем время отправки запроса a=1&b=2 на адрес https://yachtclubparus.ru/test/1/ до: 2 секунд
2022-03-14 16:10:29,561 - INFO - send_request: 99 - Увеличиваем время отправки запроса {"a": 1, "b": 2} на адрес https://yachtclubparus.ru/test/2/ до: 2 секунд
2022-03-14 16:10:29,695 - INFO - send_request: 106 - Запрос a=1&b=2 на адрес: https://yachtclubparus.ru/test/ успешно выполнен.
2022-03-14 16:10:29,695 - INFO - send_request: 89 - Отправляем запрос a=1&b=2 на адрес: https://yachtclubparus.ru/test/2/
2022-03-14 16:10:29,785 - INFO - send_request: 106 - Запрос {"a": 1, "b": 2} на адрес: https://yachtclubparus.ru/test/2/ успешно выполнен.
2022-03-14 16:10:29,786 - INFO - send_request: 89 - Отправляем запрос {"a": 1, "b": 2} на адрес: https://yachtclubparus.ru/test/1/
2022-03-14 16:10:29,911 - INFO - send_request: 106 - Запрос a=1&b=2 на адрес: https://yachtclubparus.ru/test/2/ успешно выполнен.
2022-03-14 16:10:29,912 - INFO - send_request: 89 - Отправляем запрос a=1&b=2 на адрес: https://yachtclubparus.ru/test/
2022-03-14 16:10:29,977 - INFO - send_request: 106 - Запрос {"a": 1, "b": 2} на адрес: https://yachtclubparus.ru/test/1/ успешно выполнен.
2022-03-14 16:10:29,978 - INFO - send_request: 89 - Отправляем запрос {"a": 1, "b": 2} на адрес: https://yachtclubparus.ru/test/
2022-03-14 16:10:30,118 - INFO - send_request: 106 - Запрос a=1&b=2 на адрес: https://yachtclubparus.ru/test/ успешно выполнен.
2022-03-14 16:10:30,119 - INFO - send_request: 89 - Отправляем запрос a=1&b=2 на адрес: https://yachtclubparus.ru/test/2/
2022-03-14 16:10:30,202 - INFO - send_request: 106 - Запрос {"a": 1, "b": 2} на адрес: https://yachtclubparus.ru/test/ успешно выполнен.
2022-03-14 16:10:30,202 - INFO - send_request: 89 - Отправляем запрос {"a": 1, "b": 2} на адрес: https://yachtclubparus.ru/test/2/
2022-03-14 16:10:30,356 - INFO - send_request: 106 - Запрос a=1&b=2 на адрес: https://yachtclubparus.ru/test/2/ успешно выполнен.
2022-03-14 16:10:30,357 - INFO - send_request: 89 - Отправляем запрос {"a": 1, "b": 2} на адрес: https://yachtclubparus.ru/test/
2022-03-14 16:10:30,425 - INFO - send_request: 106 - Запрос {"a": 1, "b": 2} на адрес: https://yachtclubparus.ru/test/2/ успешно выполнен.
2022-03-14 16:10:30,426 - INFO - send_request: 89 - Отправляем запрос a=1&b=2 на адрес: https://yachtclubparus.ru/test/
2022-03-14 16:10:30,644 - INFO - send_request: 106 - Запрос a=1&b=2 на адрес: https://yachtclubparus.ru/test/ успешно выполнен.
2022-03-14 16:10:30,644 - INFO - send_request: 89 - Отправляем запрос a=1&b=2 на адрес: https://yachtclubparus.ru/test/2/
2022-03-14 16:10:30,893 - INFO - send_request: 106 - Запрос a=1&b=2 на адрес: https://yachtclubparus.ru/test/2/ успешно выполнен.
2022-03-14 16:10:30,894 - INFO - send_request: 89 - Отправляем запрос {"a": 1, "b": 2} на адрес: https://yachtclubparus.ru/test/
2022-03-14 16:10:31,133 - INFO - send_request: 106 - Запрос {"a": 1, "b": 2} на адрес: https://yachtclubparus.ru/test/ успешно выполнен.
2022-03-14 16:10:31,133 - INFO - send_request: 89 - Отправляем запрос {"a": 1, "b": 2} на адрес: https://yachtclubparus.ru/test/1/
2022-03-14 16:10:31,369 - INFO - send_request: 106 - Запрос {"a": 1, "b": 2} на адрес: https://yachtclubparus.ru/test/1/ успешно выполнен.
2022-03-14 16:10:31,370 - INFO - send_request: 89 - Отправляем запрос {"a": 1, "b": 2} на адрес: https://yachtclubparus.ru/test/2/
2022-03-14 16:10:31,596 - INFO - send_request: 99 - Увеличиваем время отправки запроса {"a": 1, "b": 2} на адрес https://yachtclubparus.ru/test/ до: 2 секунд
2022-03-14 16:10:31,740 - INFO - send_request: 99 - Увеличиваем время отправки запроса a=1&b=2 на адрес https://yachtclubparus.ru/test/1/ до: 4 секунд
2022-03-14 16:10:31,824 - INFO - send_request: 106 - Запрос {"a": 1, "b": 2} на адрес: https://yachtclubparus.ru/test/ успешно выполнен.
2022-03-14 16:10:31,824 - INFO - send_request: 89 - Отправляем запрос {"a": 1, "b": 2} на адрес: https://yachtclubparus.ru/test/2/
2022-03-14 16:10:32,591 - INFO - send_request: 99 - Увеличиваем время отправки запроса {"a": 1, "b": 2} на адрес https://yachtclubparus.ru/test/2/ до: 2 секунд
2022-03-14 16:10:32,792 - INFO - send_request: 106 - Запрос {"a": 1, "b": 2} на адрес: https://yachtclubparus.ru/test/2/ успешно выполнен.
2022-03-14 16:10:32,792 - INFO - send_request: 89 - Отправляем запрос {"a": 1, "b": 2} на адрес: https://yachtclubparus.ru/test/1/
2022-03-14 16:10:33,001 - INFO - send_request: 106 - Запрос {"a": 1, "b": 2} на адрес: https://yachtclubparus.ru/test/1/ успешно выполнен.
2022-03-14 16:10:33,002 - INFO - send_request: 89 - Отправляем запрос a=1&b=2 на адрес: https://yachtclubparus.ru/test/
2022-03-14 16:10:33,028 - INFO - send_request: 99 - Увеличиваем время отправки запроса {"a": 1, "b": 2} на адрес https://yachtclubparus.ru/test/2/ до: 2 секунд
2022-03-14 16:10:34,201 - INFO - send_request: 99 - Увеличиваем время отправки запроса a=1&b=2 на адрес https://yachtclubparus.ru/test/ до: 2 секунд
2022-03-14 17:15:27,859 - INFO - http_post: 139 - Отправляем запрос https://yachtclubparus.ru/test/1/ на адрес: a=1&b=2
2022-03-14 17:17:20,727 - INFO - http_post: 139 - Отправляем запрос https://yachtclubparus.ru/test/1/ на адрес: a=1&b=2
2022-03-14 17:17:28,532 - INFO - http_post: 139 - Отправляем запрос https://yachtclubparus.ru/test/2/ на адрес: {"a": 1, "b": 2}
2022-03-14 17:28:13,954 - INFO - send_request: 89 - Отправляем запрос {"a": 1, "b": 2} на адрес: https://yachtclubparus.ru/test/2/
2022-03-14 17:28:13,956 - INFO - send_request: 89 - Отправляем запрос {"a": 1, "b": 2} на адрес: https://yachtclubparus.ru/test/2/
2022-03-14 17:28:13,957 - INFO - send_request: 89 - Отправляем запрос a=1&b=2 на адрес: https://yachtclubparus.ru/test/
2022-03-14 17:28:13,959 - INFO - send_request: 89 - Отправляем запрос {"a": 1, "b": 2} на адрес: https://yachtclubparus.ru/test/
2022-03-14 17:28:14,333 - INFO - send_request: 106 - Запрос {"a": 1, "b": 2} на адрес: https://yachtclubparus.ru/test/2/ успешно выполнен.
2022-03-14 17:28:14,333 - INFO - send_request: 89 - Отправляем запрос {"a": 1, "b": 2} на адрес: https://yachtclubparus.ru/test/1/
2022-03-14 17:28:14,341 - INFO - send_request: 106 - Запрос {"a": 1, "b": 2} на адрес: https://yachtclubparus.ru/test/ успешно выполнен.
2022-03-14 17:28:14,341 - INFO - send_request: 89 - Отправляем запрос {"a": 1, "b": 2} на адрес: https://yachtclubparus.ru/test/2/
2022-03-14 17:28:14,355 - INFO - send_request: 106 - Запрос a=1&b=2 на адрес: https://yachtclubparus.ru/test/ успешно выполнен.
2022-03-14 17:28:14,355 - INFO - send_request: 89 - Отправляем запрос a=1&b=2 на адрес: https://yachtclubparus.ru/test/2/
2022-03-14 17:28:14,592 - INFO - send_request: 106 - Запрос {"a": 1, "b": 2} на адрес: https://yachtclubparus.ru/test/1/ успешно выполнен.
2022-03-14 17:28:14,592 - INFO - send_request: 89 - Отправляем запрос a=1&b=2 на адрес: https://yachtclubparus.ru/test/
2022-03-14 17:28:14,647 - INFO - send_request: 106 - Запрос {"a": 1, "b": 2} на адрес: https://yachtclubparus.ru/test/2/ успешно выполнен.
2022-03-14 17:28:14,648 - INFO - send_request: 89 - Отправляем запрос {"a": 1, "b": 2} на адрес: https://yachtclubparus.ru/test/2/
2022-03-14 17:28:14,888 - INFO - send_request: 106 - Запрос a=1&b=2 на адрес: https://yachtclubparus.ru/test/ успешно выполнен.
2022-03-14 17:28:14,888 - INFO - send_request: 89 - Отправляем запрос a=1&b=2 на адрес: https://yachtclubparus.ru/test/1/
2022-03-14 17:28:15,122 - INFO - send_request: 106 - Запрос a=1&b=2 на адрес: https://yachtclubparus.ru/test/1/ успешно выполнен.
2022-03-14 17:28:15,122 - INFO - send_request: 89 - Отправляем запрос {"a": 1, "b": 2} на адрес: https://yachtclubparus.ru/test/
2022-03-14 17:28:15,336 - INFO - send_request: 99 - Увеличиваем время отправки запроса {"a": 1, "b": 2} на адрес https://yachtclubparus.ru/test/2/ до: 2 секунд
2022-03-14 17:28:15,584 - INFO - send_request: 99 - Увеличиваем время отправки запроса a=1&b=2 на адрес https://yachtclubparus.ru/test/2/ до: 2 секунд
2022-03-14 17:28:15,627 - INFO - send_request: 106 - Запрос {"a": 1, "b": 2} на адрес: https://yachtclubparus.ru/test/2/ успешно выполнен.
2022-03-14 17:28:15,628 - INFO - send_request: 89 - Отправляем запрос {"a": 1, "b": 2} на адрес: https://yachtclubparus.ru/test/1/
2022-03-14 17:28:15,928 - INFO - send_request: 99 - Увеличиваем время отправки запроса {"a": 1, "b": 2} на адрес https://yachtclubparus.ru/test/2/ до: 2 секунд
2022-03-14 17:28:16,421 - INFO - send_request: 99 - Увеличиваем время отправки запроса {"a": 1, "b": 2} на адрес https://yachtclubparus.ru/test/ до: 2 секунд
2022-03-14 17:28:16,656 - INFO - send_request: 106 - Запрос {"a": 1, "b": 2} на адрес: https://yachtclubparus.ru/test/ успешно выполнен.
2022-03-14 17:28:16,656 - INFO - send_request: 89 - Отправляем запрос {"a": 1, "b": 2} на адрес: https://yachtclubparus.ru/test/2/
2022-03-14 17:28:16,932 - INFO - send_request: 99 - Увеличиваем время отправки запроса {"a": 1, "b": 2} на адрес https://yachtclubparus.ru/test/1/ до: 2 секунд
2022-03-14 17:28:17,140 - INFO - send_request: 106 - Запрос {"a": 1, "b": 2} на адрес: https://yachtclubparus.ru/test/1/ успешно выполнен.
2022-03-14 17:28:17,142 - INFO - send_request: 89 - Отправляем запрос {"a": 1, "b": 2} на адрес: https://yachtclubparus.ru/test/
2022-03-14 17:28:17,380 - INFO - send_request: 106 - Запрос {"a": 1, "b": 2} на адрес: https://yachtclubparus.ru/test/ успешно выполнен.
2022-03-14 17:28:17,380 - INFO - send_request: 89 - Отправляем запрос {"a": 1, "b": 2} на адрес: https://yachtclubparus.ru/test/1/
2022-03-14 17:28:17,818 - INFO - send_request: 99 - Увеличиваем время отправки запроса a=1&b=2 на адрес https://yachtclubparus.ru/test/2/ до: 4 секунд
2022-03-14 17:28:17,958 - INFO - send_request: 99 - Увеличиваем время отправки запроса {"a": 1, "b": 2} на адрес https://yachtclubparus.ru/test/2/ до: 2 секунд
2022-03-14 17:28:18,044 - INFO - send_request: 106 - Запрос a=1&b=2 на адрес: https://yachtclubparus.ru/test/2/ успешно выполнен.
2022-03-14 17:28:18,044 - INFO - send_request: 89 - Отправляем запрос {"a": 1, "b": 2} на адрес: https://yachtclubparus.ru/test/
2022-03-14 17:28:18,206 - INFO - send_request: 99 - Увеличиваем время отправки запроса {"a": 1, "b": 2} на адрес https://yachtclubparus.ru/test/2/ до: 4 секунд
2022-03-14 17:28:18,436 - INFO - send_request: 106 - Запрос {"a": 1, "b": 2} на адрес: https://yachtclubparus.ru/test/2/ успешно выполнен.
2022-03-14 17:28:18,436 - INFO - send_request: 89 - Отправляем запрос {"a": 1, "b": 2} на адрес: https://yachtclubparus.ru/test/1/
2022-03-14 17:28:18,668 - INFO - send_request: 99 - Увеличиваем время отправки запроса {"a": 1, "b": 2} на адрес https://yachtclubparus.ru/test/1/ до: 2 секунд
2022-03-14 17:28:19,288 - INFO - send_request: 99 - Увеличиваем время отправки запроса {"a": 1, "b": 2} на адрес https://yachtclubparus.ru/test/ до: 2 секунд
2022-03-14 17:28:19,498 - INFO - send_request: 106 - Запрос {"a": 1, "b": 2} на адрес: https://yachtclubparus.ru/test/ успешно выполнен.
2022-03-14 17:28:19,499 - INFO - send_request: 89 - Отправляем запрос {"a": 1, "b": 2} на адрес: https://yachtclubparus.ru/test/1/
2022-03-14 17:28:19,734 - INFO - send_request: 99 - Увеличиваем время отправки запроса {"a": 1, "b": 2} на адрес https://yachtclubparus.ru/test/1/ до: 2 секунд
2022-03-14 17:28:20,043 - INFO - send_request: 106 - Запрос {"a": 1, "b": 2} на адрес: https://yachtclubparus.ru/test/1/ успешно выполнен.
2022-03-14 17:28:20,044 - INFO - send_request: 89 - Отправляем запрос a=1&b=2 на адрес: https://yachtclubparus.ru/test/
2022-03-14 17:28:20,182 - INFO - send_request: 99 - Увеличиваем время отправки запроса {"a": 1, "b": 2} на адрес https://yachtclubparus.ru/test/2/ до: 4 секунд
2022-03-14 17:28:20,264 - INFO - send_request: 106 - Запрос a=1&b=2 на адрес: https://yachtclubparus.ru/test/ успешно выполнен.
2022-03-14 17:28:20,265 - INFO - send_request: 89 - Отправляем запрос a=1&b=2 на адрес: https://yachtclubparus.ru/test/2/
2022-03-14 17:28:20,728 - INFO - send_request: 99 - Увеличиваем время отправки запроса {"a": 1, "b": 2} на адрес https://yachtclubparus.ru/test/1/ до: 2 секунд
2022-03-14 17:28:20,900 - INFO - send_request: 99 - Увеличиваем время отправки запроса {"a": 1, "b": 2} на адрес https://yachtclubparus.ru/test/1/ до: 4 секунд
2022-03-14 17:28:20,952 - INFO - send_request: 106 - Запрос {"a": 1, "b": 2} на адрес: https://yachtclubparus.ru/test/1/ успешно выполнен.
2022-03-14 17:28:20,953 - INFO - send_request: 89 - Отправляем запрос a=1&b=2 на адрес: https://yachtclubparus.ru/test/2/
2022-03-14 17:28:21,491 - INFO - send_request: 99 - Увеличиваем время отправки запроса a=1&b=2 на адрес https://yachtclubparus.ru/test/2/ до: 2 секунд
2022-03-14 17:29:01,255 - INFO - http_post: 140 - Отправляем запрос {"a": 1, "b": 2} на адрес: https://yachtclubparus.ru/test/2/
2022-03-14 17:30:40,116 - INFO - http_post: 140 - Отправляем запрос {"a": 1, "b": 2} на адрес: https://yachtclubparus.ru/test/2/
2022-03-14 17:31:26,851 - INFO - http_post: 140 - Отправляем запрос {"a": 1, "b": 2} на адрес: https://yachtclubparus.ru/test/2/
2022-03-14 17:31:40,023 - INFO - http_post: 148 - Увеличиваем время отправки запроса {"a": 1, "b": 2} на адрес https://yachtclubparus.ru/test/2/ до: 2 секунд
2022-03-14 17:31:50,715 - INFO - http_post: 148 - Увеличиваем время отправки запроса {"a": 1, "b": 2} на адрес https://yachtclubparus.ru/test/2/ до: 4 секунд
2022-03-14 17:32:05,589 - INFO - http_post: 148 - Увеличиваем время отправки запроса {"a": 1, "b": 2} на адрес https://yachtclubparus.ru/test/2/ до: 8 секунд
2022-03-14 17:37:01,708 - INFO - http_post: 140 - Отправляем запрос {"a": 1, "b": 2} на адрес: https://yachtclubparus.ru/test/2/
2022-03-14 17:37:03,062 - INFO - http_post: 148 - Увеличиваем время отправки запроса {"a": 1, "b": 2} на адрес https://yachtclubparus.ru/test/2/ до: 2 секунд
2022-03-14 17:37:05,368 - INFO - http_post: 148 - Увеличиваем время отправки запроса {"a": 1, "b": 2} на адрес https://yachtclubparus.ru/test/2/ до: 4 секунд
2022-03-14 17:37:09,666 - INFO - http_post: 148 - Увеличиваем время отправки запроса {"a": 1, "b": 2} на адрес https://yachtclubparus.ru/test/2/ до: 8 секунд
2022-03-14 17:37:18,474 - INFO - http_post: 140 - Отправляем запрос {"a": 1, "b": 2} на адрес: https://yachtclubparus.ru/test/2/
2022-03-14 17:37:18,754 - INFO - http_post: 150 - Запрос {"a": 1, "b": 2} на адрес: https://yachtclubparus.ru/test/2/ успешно выполнен.
2022-03-14 17:37:18,754 - INFO - http_post: 140 - Отправляем запрос {"a": 1, "b": 2} на адрес: https://yachtclubparus.ru/test/1/
2022-03-14 17:37:19,972 - INFO - http_post: 148 - Увеличиваем время отправки запроса {"a": 1, "b": 2} на адрес https://yachtclubparus.ru/test/1/ до: 2 секунд
2022-03-14 17:37:22,255 - INFO - http_post: 148 - Увеличиваем время отправки запроса {"a": 1, "b": 2} на адрес https://yachtclubparus.ru/test/1/ до: 4 секунд
2022-03-14 17:37:22,531 - INFO - http_post: 150 - Запрос {"a": 1, "b": 2} на адрес: https://yachtclubparus.ru/test/1/ успешно выполнен.
2022-03-14 17:37:22,532 - INFO - http_post: 140 - Отправляем запрос a=1&b=2 на адрес: https://yachtclubparus.ru/test/2/
2022-03-14 17:37:22,763 - INFO - http_post: 150 - Запрос a=1&b=2 на адрес: https://yachtclubparus.ru/test/2/ успешно выполнен.
2022-03-14 17:37:22,764 - INFO - http_post: 140 - Отправляем запрос a=1&b=2 на адрес: https://yachtclubparus.ru/test/2/
2022-03-14 17:37:22,988 - INFO - http_post: 150 - Запрос a=1&b=2 на адрес: https://yachtclubparus.ru/test/2/ успешно выполнен.
2022-03-14 17:37:28,294 - INFO - send_request: 89 - Отправляем запрос {"a": 1, "b": 2} на адрес: https://yachtclubparus.ru/test/2/
2022-03-14 17:37:28,295 - INFO - send_request: 89 - Отправляем запрос {"a": 1, "b": 2} на адрес: https://yachtclubparus.ru/test/2/
2022-03-14 17:37:28,295 - INFO - send_request: 89 - Отправляем запрос a=1&b=2 на адрес: https://yachtclubparus.ru/test/
2022-03-14 17:37:28,326 - INFO - send_request: 89 - Отправляем запрос {"a": 1, "b": 2} на адрес: https://yachtclubparus.ru/test/
2022-03-14 17:37:28,560 - INFO - send_request: 106 - Запрос {"a": 1, "b": 2} на адрес: https://yachtclubparus.ru/test/2/ успешно выполнен.
2022-03-14 17:37:28,560 - INFO - send_request: 89 - Отправляем запрос {"a": 1, "b": 2} на адрес: https://yachtclubparus.ru/test/1/
2022-03-14 17:37:29,601 - INFO - send_request: 99 - Увеличиваем время отправки запроса {"a": 1, "b": 2} на адрес https://yachtclubparus.ru/test/2/ до: 2 секунд
2022-03-14 17:37:29,616 - INFO - send_request: 99 - Увеличиваем время отправки запроса {"a": 1, "b": 2} на адрес https://yachtclubparus.ru/test/ до: 2 секунд
2022-03-14 17:37:29,711 - INFO - send_request: 99 - Увеличиваем время отправки запроса a=1&b=2 на адрес https://yachtclubparus.ru/test/ до: 2 секунд
2022-03-14 17:37:29,818 - INFO - send_request: 99 - Увеличиваем время отправки запроса {"a": 1, "b": 2} на адрес https://yachtclubparus.ru/test/1/ до: 2 секунд
2022-03-14 17:37:29,870 - INFO - send_request: 106 - Запрос {"a": 1, "b": 2} на адрес: https://yachtclubparus.ru/test/2/ успешно выполнен.
2022-03-14 17:37:29,871 - INFO - send_request: 89 - Отправляем запрос {"a": 1, "b": 2} на адрес: https://yachtclubparus.ru/test/1/
2022-03-14 17:37:30,132 - INFO - send_request: 106 - Запрос {"a": 1, "b": 2} на адрес: https://yachtclubparus.ru/test/1/ успешно выполнен.
2022-03-14 17:37:30,132 - INFO - send_request: 89 - Отправляем запрос a=1&b=2 на адрес: https://yachtclubparus.ru/test/
2022-03-14 17:37:30,354 - INFO - send_request: 106 - Запрос a=1&b=2 на адрес: https://yachtclubparus.ru/test/ успешно выполнен.
2022-03-14 17:37:30,355 - INFO - send_request: 89 - Отправляем запрос a=1&b=2 на адрес: https://yachtclubparus.ru/test/1/
2022-03-14 17:37:30,621 - INFO - send_request: 106 - Запрос a=1&b=2 на адрес: https://yachtclubparus.ru/test/1/ успешно выполнен.
2022-03-14 17:37:30,621 - INFO - send_request: 89 - Отправляем запрос {"a": 1, "b": 2} на адрес: https://yachtclubparus.ru/test/2/
2022-03-14 17:37:39,740 - INFO - http_post: 140 - Отправляем запрос a=1&b=2 на адрес: https://yachtclubparus.ru/test/2/
2022-03-14 17:37:39,965 - INFO - http_post: 150 - Запрос a=1&b=2 на адрес: https://yachtclubparus.ru/test/2/ успешно выполнен.
2022-03-14 17:37:39,966 - INFO - http_post: 140 - Отправляем запрос a=1&b=2 на адрес: https://yachtclubparus.ru/test/2/
2022-03-14 17:37:40,239 - INFO - http_post: 150 - Запрос a=1&b=2 на адрес: https://yachtclubparus.ru/test/2/ успешно выполнен.
2022-03-14 17:37:40,239 - INFO - http_post: 140 - Отправляем запрос {"a": 1, "b": 2} на адрес: https://yachtclubparus.ru/test/2/
2022-03-14 17:37:41,467 - INFO - http_post: 148 - Увеличиваем время отправки запроса {"a": 1, "b": 2} на адрес https://yachtclubparus.ru/test/2/ до: 2 секунд
2022-03-14 17:37:43,690 - INFO - http_post: 148 - Увеличиваем время отправки запроса {"a": 1, "b": 2} на адрес https://yachtclubparus.ru/test/2/ до: 4 секунд
2022-03-14 17:37:48,036 - INFO - http_post: 148 - Увеличиваем время отправки запроса {"a": 1, "b": 2} на адрес https://yachtclubparus.ru/test/2/ до: 8 секунд
2022-03-14 17:37:48,242 - INFO - http_post: 150 - Запрос {"a": 1, "b": 2} на адрес: https://yachtclubparus.ru/test/2/ успешно выполнен.
2022-03-14 17:37:48,243 - INFO - http_post: 140 - Отправляем запрос {"a": 1, "b": 2} на адрес: https://yachtclubparus.ru/test/
2022-03-14 17:37:49,474 - INFO - http_post: 148 - Увеличиваем время отправки запроса {"a": 1, "b": 2} на адрес https://yachtclubparus.ru/test/ до: 2 секунд
2022-03-14 17:37:51,710 - INFO - http_post: 148 - Увеличиваем время отправки запроса {"a": 1, "b": 2} на адрес https://yachtclubparus.ru/test/ до: 4 секунд
2022-03-14 17:37:51,945 - INFO - http_post: 150 - Запрос {"a": 1, "b": 2} на адрес: https://yachtclubparus.ru/test/ успешно выполнен.
2022-03-14 17:37:51,945 - INFO - http_post: 140 - Отправляем запрос {"a": 1, "b": 2} на адрес: https://yachtclubparus.ru/test/1/
2022-03-14 17:37:53,166 - INFO - http_post: 148 - Увеличиваем время отправки запроса {"a": 1, "b": 2} на адрес https://yachtclubparus.ru/test/1/ до: 2 секунд
2022-03-14 17:37:55,491 - INFO - http_post: 148 - Увеличиваем время отправки запроса {"a": 1, "b": 2} на адрес https://yachtclubparus.ru/test/1/ до: 4 секунд
2022-03-14 17:38:00,782 - INFO - http_post: 140 - Отправляем запрос a=1&b=2 на адрес: https://yachtclubparus.ru/test/2/
2022-03-14 17:38:00,999 - INFO - http_post: 150 - Запрос a=1&b=2 на адрес: https://yachtclubparus.ru/test/2/ успешно выполнен.
2022-03-14 17:38:01,000 - INFO - http_post: 140 - Отправляем запрос a=1&b=2 на адрес: https://yachtclubparus.ru/test/2/
2022-03-14 17:38:01,214 - INFO - http_post: 150 - Запрос a=1&b=2 на адрес: https://yachtclubparus.ru/test/2/ успешно выполнен.
2022-03-14 17:38:01,215 - INFO - http_post: 140 - Отправляем запрос {"a": 1, "b": 2} на адрес: https://yachtclubparus.ru/test/2/
2022-03-14 17:38:02,478 - INFO - http_post: 148 - Увеличиваем время отправки запроса {"a": 1, "b": 2} на адрес https://yachtclubparus.ru/test/2/ до: 2 секунд
2022-03-14 17:38:02,712 - INFO - http_post: 150 - Запрос {"a": 1, "b": 2} на адрес: https://yachtclubparus.ru/test/2/ успешно выполнен.
2022-03-14 17:38:02,712 - INFO - http_post: 140 - Отправляем запрос {"a": 1, "b": 2} на адрес: https://yachtclubparus.ru/test/
2022-03-14 17:38:03,944 - INFO - http_post: 148 - Увеличиваем время отправки запроса {"a": 1, "b": 2} на адрес https://yachtclubparus.ru/test/ до: 2 секунд
2022-03-14 17:38:09,732 - INFO - http_post: 148 - Увеличиваем время отправки запроса {"a": 1, "b": 2} на адрес https://yachtclubparus.ru/test/ до: 4 секунд
2022-03-14 17:38:13,960 - INFO - http_post: 148 - Увеличиваем время отправки запроса {"a": 1, "b": 2} на адрес https://yachtclubparus.ru/test/ до: 8 секунд
2022-03-14 17:38:22,211 - INFO - http_post: 148 - Увеличиваем время отправки запроса {"a": 1, "b": 2} на адрес https://yachtclubparus.ru/test/ до: 16 секунд
2022-03-14 17:38:22,448 - INFO - http_post: 150 - Запрос {"a": 1, "b": 2} на адрес: https://yachtclubparus.ru/test/ успешно выполнен.
2022-03-14 17:38:22,449 - INFO - http_post: 140 - Отправляем запрос {"a": 1, "b": 2} на адрес: https://yachtclubparus.ru/test/1/
2022-03-14 17:38:22,689 - INFO - http_post: 150 - Запрос {"a": 1, "b": 2} на адрес: https://yachtclubparus.ru/test/1/ успешно выполнен.
2022-03-14 17:38:22,689 - INFO - http_post: 140 - Отправляем запрос {"a": 1, "b": 2} на адрес: https://yachtclubparus.ru/test/1/
2022-03-14 17:38:23,910 - INFO - http_post: 148 - Увеличиваем время отправки запроса {"a": 1, "b": 2} на адрес https://yachtclubparus.ru/test/1/ до: 2 секунд
2022-03-14 17:38:24,112 - INFO - http_post: 150 - Запрос {"a": 1, "b": 2} на адрес: https://yachtclubparus.ru/test/1/ успешно выполнен.
2022-03-14 17:38:24,113 - INFO - http_post: 140 - Отправляем запрос a=1&b=2 на адрес: https://yachtclubparus.ru/test/
2022-03-14 17:38:24,332 - INFO - http_post: 150 - Запрос a=1&b=2 на адрес: https://yachtclubparus.ru/test/ успешно выполнен.
2022-03-14 17:38:24,333 - INFO - http_post: 140 - Отправляем запрос {"a": 1, "b": 2} на адрес: https://yachtclubparus.ru/test/2/
2022-03-14 17:38:24,574 - INFO - http_post: 150 - Запрос {"a": 1, "b": 2} на адрес: https://yachtclubparus.ru/test/2/ успешно выполнен.
2022-03-14 17:41:00,523 - INFO - http_post: 140 - Отправляем запрос a=1&b=2 на адрес: https://yachtclubparus.ru/test/2/
2022-03-14 17:41:00,823 - INFO - http_post: 149 - Запрос a=1&b=2 на адрес: https://yachtclubparus.ru/test/2/ успешно выполнен.
2022-03-14 17:41:00,823 - INFO - http_post: 140 - Отправляем запрос a=1&b=2 на адрес: https://yachtclubparus.ru/test/2/
2022-03-14 17:41:01,090 - INFO - http_post: 149 - Запрос a=1&b=2 на адрес: https://yachtclubparus.ru/test/2/ успешно выполнен.
2022-03-14 17:41:01,090 - INFO - http_post: 140 - Отправляем запрос {"a": 1, "b": 2} на адрес: https://yachtclubparus.ru/test/2/
2022-03-14 17:41:02,367 - INFO - http_post: 147 - Увеличиваем время отправки запроса {"a": 1, "b": 2} на адрес https://yachtclubparus.ru/test/2/ до: 2 секунд
2022-03-14 17:41:04,573 - INFO - http_post: 147 - Увеличиваем время отправки запроса {"a": 1, "b": 2} на адрес https://yachtclubparus.ru/test/2/ до: 4 секунд
2022-03-14 17:41:08,851 - INFO - http_post: 147 - Увеличиваем время отправки запроса {"a": 1, "b": 2} на адрес https://yachtclubparus.ru/test/2/ до: 8 секунд
2022-03-14 17:41:17,143 - INFO - http_post: 147 - Увеличиваем время отправки запроса {"a": 1, "b": 2} на адрес https://yachtclubparus.ru/test/2/ до: 16 секунд
2022-03-14 17:41:17,373 - INFO - http_post: 149 - Запрос {"a": 1, "b": 2} на адрес: https://yachtclubparus.ru/test/2/ успешно выполнен.
2022-03-14 17:41:17,374 - INFO - http_post: 140 - Отправляем запрос {"a": 1, "b": 2} на адрес: https://yachtclubparus.ru/test/
2022-03-14 17:41:18,645 - INFO - http_post: 147 - Увеличиваем время отправки запроса {"a": 1, "b": 2} на адрес https://yachtclubparus.ru/test/ до: 2 секунд
2022-03-14 17:41:20,866 - INFO - http_post: 147 - Увеличиваем время отправки запроса {"a": 1, "b": 2} на адрес https://yachtclubparus.ru/test/ до: 4 секунд
2022-03-14 17:41:21,107 - INFO - http_post: 149 - Запрос {"a": 1, "b": 2} на адрес: https://yachtclubparus.ru/test/ успешно выполнен.
2022-03-14 17:41:21,108 - INFO - http_post: 140 - Отправляем запрос {"a": 1, "b": 2} на адрес: https://yachtclubparus.ru/test/1/
2022-03-14 17:41:21,309 - INFO - http_post: 149 - Запрос {"a": 1, "b": 2} на адрес: https://yachtclubparus.ru/test/1/ успешно выполнен.
2022-03-14 17:41:21,309 - INFO - http_post: 140 - Отправляем запрос {"a": 1, "b": 2} на адрес: https://yachtclubparus.ru/test/1/
2022-03-14 17:41:22,596 - INFO - http_post: 147 - Увеличиваем время отправки запроса {"a": 1, "b": 2} на адрес https://yachtclubparus.ru/test/1/ до: 2 секунд
2022-03-14 17:41:24,804 - INFO - http_post: 147 - Увеличиваем время отправки запроса {"a": 1, "b": 2} на адрес https://yachtclubparus.ru/test/1/ до: 4 секунд
2022-03-14 17:41:29,189 - INFO - http_post: 147 - Увеличиваем время отправки запроса {"a": 1, "b": 2} на адрес https://yachtclubparus.ru/test/1/ до: 8 секунд
2022-03-14 17:41:29,498 - INFO - http_post: 149 - Запрос {"a": 1, "b": 2} на адрес: https://yachtclubparus.ru/test/1/ успешно выполнен.
2022-03-14 17:41:29,498 - INFO - http_post: 140 - Отправляем запрос a=1&b=2 на адрес: https://yachtclubparus.ru/test/
2022-03-14 17:41:29,790 - INFO - http_post: 149 - Запрос a=1&b=2 на адрес: https://yachtclubparus.ru/test/ успешно выполнен.
2022-03-14 17:41:29,790 - INFO - http_post: 140 - Отправляем запрос {"a": 1, "b": 2} на адрес: https://yachtclubparus.ru/test/2/
2022-03-14 17:41:30,090 - INFO - http_post: 149 - Запрос {"a": 1, "b": 2} на адрес: https://yachtclubparus.ru/test/2/ успешно выполнен.
